<?xml version="1.0" encoding="UTF-8"?>
<testng-results skipped="0" failed="0" total="0" passed="0">
  <reporter-output>
  </reporter-output>
  <suite name="sample.ExcelConsolidation.AppTest" duration-ms="3" started-at="2019-08-19T12:52:21Z" finished-at="2019-08-19T12:52:21Z">
    <groups>
    </groups>
    <test name="Command line test" duration-ms="3" started-at="2019-08-19T12:52:21Z" finished-at="2019-08-19T12:52:21Z">
    </test> <!-- Command line test -->
  </suite> <!-- sample.ExcelConsolidation.AppTest -->
</testng-results>
